2025-06-05 16:08:58,624 - INFO: Loading files from: ../../../data/reddit/submissions
2025-06-05 16:08:58,624 - INFO: Writing output to: ../../output/corpora
2025-06-05 16:08:58,624 - INFO: Checking if any of any of 12 values are contained in field selftext
2025-06-05 16:08:59,070 - INFO: Processed 0 of 5 files with 0.00 of 53.49 gigabytes
2025-06-05 16:08:59,070 - INFO: Processing file: ../../../data/reddit/submissions/RS_2023-01.zst
2025-06-05 16:08:59,070 - INFO: Processing file: ../../../data/reddit/submissions/RS_2022-12.zst
2025-06-05 16:08:59,070 - INFO: Processing file: ../../../data/reddit/submissions/RS_2023-03.zst
2025-06-05 16:08:59,070 - INFO: Processing file: ../../../data/reddit/submissions/RS_2022-11.zst
2025-06-05 16:08:59,070 - INFO: Processing file: ../../../data/reddit/submissions/RS_2023-02.zst
2025-06-05 16:09:22,916 - INFO: 1,000,000 lines at 41,936/s, 0 errored, 35,446 matched : 0.33 gb at 14 mb/s, 1% : 0(0)/5 files : 1:04:07 remaining
2025-06-05 16:09:23,064 - INFO: 2,000,000 lines at 83,353/s, 0 errored, 73,837 matched : 0.65 gb at 28 mb/s, 1% : 0(0)/5 files : 0:42:52 remaining
2025-06-05 16:09:23,120 - INFO: 3,000,000 lines at 124,743/s, 0 errored, 108,646 matched : 0.94 gb at 40 mb/s, 2% : 0(0)/5 files : 0:32:48 remaining
2025-06-05 16:09:23,124 - INFO: 4,000,000 lines at 166,294/s, 0 errored, 145,562 matched : 1.26 gb at 54 mb/s, 2% : 0(0)/5 files : 0:26:14 remaining
2025-06-05 16:09:23,761 - INFO: 5,000,000 lines at 202,501/s, 0 errored, 183,086 matched : 1.56 gb at 65 mb/s, 3% : 0(0)/5 files : 0:22:07 remaining
2025-06-05 16:09:46,111 - INFO: 6,000,000 lines at 127,549/s, 0 errored, 218,097 matched : 1.87 gb at 41 mb/s, 3% : 0(0)/5 files : 0:21:56 remaining
2025-06-05 16:09:46,401 - INFO: 7,000,000 lines at 147,894/s, 0 errored, 253,705 matched : 2.18 gb at 47 mb/s, 4% : 0(0)/5 files : 0:21:15 remaining
2025-06-05 16:09:46,789 - INFO: 8,000,000 lines at 167,650/s, 0 errored, 287,000 matched : 2.45 gb at 53 mb/s, 5% : 0(0)/5 files : 0:20:26 remaining
2025-06-05 16:09:47,453 - INFO: 9,000,000 lines at 186,016/s, 0 errored, 323,870 matched : 2.72 gb at 58 mb/s, 5% : 0(0)/5 files : 0:19:34 remaining
2025-06-05 16:09:47,486 - INFO: 10,000,000 lines at 206,544/s, 0 errored, 362,744 matched : 3.04 gb at 64 mb/s, 6% : 0(0)/5 files : 0:18:36 remaining
2025-06-05 16:10:08,956 - INFO: 11,000,000 lines at 157,400/s, 0 errored, 398,268 matched : 3.35 gb at 49 mb/s, 6% : 0(0)/5 files : 0:18:23 remaining
2025-06-05 16:10:09,688 - INFO: 12,000,000 lines at 169,930/s, 0 errored, 433,560 matched : 3.67 gb at 53 mb/s, 7% : 0(0)/5 files : 0:18:02 remaining
2025-06-05 16:10:09,805 - INFO: 13,000,000 lines at 183,785/s, 0 errored, 468,274 matched : 3.94 gb at 57 mb/s, 7% : 0(0)/5 files : 0:17:40 remaining
2025-06-05 16:10:11,009 - INFO: 14,000,000 lines at 194,611/s, 0 errored, 505,781 matched : 4.21 gb at 60 mb/s, 8% : 0(0)/5 files : 0:17:15 remaining
2025-06-05 16:10:11,075 - INFO: 15,000,000 lines at 208,318/s, 0 errored, 543,488 matched : 4.53 gb at 64 mb/s, 8% : 0(0)/5 files : 0:16:47 remaining
2025-06-05 16:10:31,268 - INFO: 16,000,000 lines at 173,540/s, 0 errored, 577,982 matched : 4.84 gb at 54 mb/s, 9% : 0(0)/5 files : 0:16:36 remaining
2025-06-05 16:10:32,578 - INFO: 17,000,000 lines at 181,803/s, 0 errored, 613,296 matched : 5.16 gb at 56 mb/s, 10% : 0(0)/5 files : 0:16:22 remaining
2025-06-05 16:10:32,824 - INFO: 18,000,000 lines at 191,993/s, 0 errored, 647,237 matched : 5.43 gb at 59 mb/s, 10% : 0(0)/5 files : 0:16:07 remaining
2025-06-05 16:10:34,765 - INFO: 19,000,000 lines at 198,548/s, 0 errored, 684,345 matched : 5.70 gb at 61 mb/s, 11% : 0(0)/5 files : 0:15:51 remaining
2025-06-05 16:10:34,795 - INFO: 20,000,000 lines at 208,933/s, 0 errored, 722,580 matched : 6.02 gb at 64 mb/s, 11% : 0(0)/5 files : 0:15:33 remaining
2025-06-05 16:10:53,400 - INFO: 21,000,000 lines at 183,679/s, 0 errored, 756,906 matched : 6.34 gb at 57 mb/s, 12% : 0(0)/5 files : 0:15:23 remaining
2025-06-05 16:10:55,368 - INFO: 22,000,000 lines at 189,169/s, 0 errored, 793,308 matched : 6.66 gb at 59 mb/s, 12% : 0(0)/5 files : 0:15:11 remaining
2025-06-05 16:10:55,948 - INFO: 23,000,000 lines at 196,787/s, 0 errored, 825,306 matched : 6.92 gb at 61 mb/s, 13% : 0(0)/5 files : 0:15:00 remaining
2025-06-05 16:10:57,897 - INFO: 24,000,000 lines at 201,975/s, 0 errored, 861,633 matched : 7.19 gb at 62 mb/s, 13% : 0(0)/5 files : 0:14:49 remaining
2025-06-05 16:10:57,997 - INFO: 25,000,000 lines at 210,214/s, 0 errored, 900,116 matched : 7.50 gb at 65 mb/s, 14% : 0(0)/5 files : 0:14:35 remaining
2025-06-05 16:11:15,869 - INFO: 26,000,000 lines at 190,060/s, 0 errored, 933,706 matched : 7.81 gb at 58 mb/s, 15% : 0(0)/5 files : 0:14:27 remaining
2025-06-05 16:11:18,545 - INFO: 27,000,000 lines at 193,583/s, 0 errored, 970,986 matched : 8.13 gb at 60 mb/s, 15% : 0(0)/5 files : 0:14:17 remaining
2025-06-05 16:11:19,242 - INFO: 28,000,000 lines at 199,755/s, 0 errored, 1,003,138 matched : 8.40 gb at 61 mb/s, 16% : 0(0)/5 files : 0:14:08 remaining
2025-06-05 16:11:21,221 - INFO: 29,000,000 lines at 204,008/s, 0 errored, 1,039,426 matched : 8.67 gb at 62 mb/s, 16% : 0(0)/5 files : 0:13:59 remaining
2025-06-05 16:11:21,682 - INFO: 30,000,000 lines at 210,361/s, 0 errored, 1,077,308 matched : 9.00 gb at 65 mb/s, 17% : 0(0)/5 files : 0:13:48 remaining
2025-06-05 16:11:38,657 - INFO: 31,000,000 lines at 194,251/s, 0 errored, 1,113,013 matched : 9.31 gb at 60 mb/s, 17% : 0(0)/5 files : 0:13:39 remaining
2025-06-05 16:11:42,021 - INFO: 32,000,000 lines at 196,379/s, 0 errored, 1,150,604 matched : 9.63 gb at 61 mb/s, 18% : 0(0)/5 files : 0:13:31 remaining
2025-06-05 16:11:42,986 - INFO: 33,000,000 lines at 201,323/s, 0 errored, 1,184,199 matched : 9.91 gb at 62 mb/s, 19% : 0(0)/5 files : 0:13:23 remaining
2025-06-05 16:11:45,415 - INFO: 34,000,000 lines at 204,395/s, 0 errored, 1,221,139 matched : 10.18 gb at 63 mb/s, 19% : 0(0)/5 files : 0:13:15 remaining
2025-06-05 16:11:46,183 - INFO: 35,000,000 lines at 209,440/s, 0 errored, 1,257,816 matched : 10.51 gb at 64 mb/s, 20% : 0(0)/5 files : 0:13:05 remaining
2025-06-05 16:12:02,036 - INFO: 36,000,000 lines at 196,758/s, 0 errored, 1,294,635 matched : 10.83 gb at 61 mb/s, 20% : 0(0)/5 files : 0:12:58 remaining
2025-06-05 16:12:05,953 - INFO: 37,000,000 lines at 197,985/s, 0 errored, 1,331,959 matched : 11.14 gb at 61 mb/s, 21% : 0(0)/5 files : 0:12:50 remaining
2025-06-05 16:12:06,158 - INFO: 38,000,000 lines at 203,113/s, 0 errored, 1,365,570 matched : 11.40 gb at 62 mb/s, 21% : 0(0)/5 files : 0:12:43 remaining
2025-06-05 16:12:08,875 - INFO: 39,000,000 lines at 205,474/s, 0 errored, 1,402,086 matched : 11.67 gb at 63 mb/s, 22% : 0(0)/5 files : 0:12:36 remaining
2025-06-05 16:12:09,545 - INFO: 40,000,000 lines at 234,053/s, 0 errored, 1,438,210 matched : 11.98 gb at 72 mb/s, 22% : 0(0)/5 files : 0:12:26 remaining
2025-06-05 16:12:24,939 - INFO: 41,000,000 lines at 214,433/s, 0 errored, 1,474,210 matched : 12.30 gb at 66 mb/s, 23% : 0(0)/5 files : 0:12:04 remaining
2025-06-05 16:12:29,247 - INFO: 42,000,000 lines at 209,534/s, 0 errored, 1,508,434 matched : 12.56 gb at 64 mb/s, 23% : 0(0)/5 files : 0:11:48 remaining
2025-06-05 16:12:29,432 - INFO: 43,000,000 lines at 209,331/s, 0 errored, 1,545,782 matched : 12.90 gb at 64 mb/s, 24% : 0(0)/5 files : 0:11:35 remaining
2025-06-05 16:12:31,689 - INFO: 44,000,000 lines at 207,527/s, 0 errored, 1,582,062 matched : 13.16 gb at 63 mb/s, 25% : 0(0)/5 files : 0:11:28 remaining
2025-06-05 16:12:33,285 - INFO: 45,000,000 lines at 233,290/s, 0 errored, 1,619,003 matched : 13.48 gb at 71 mb/s, 25% : 0(0)/5 files : 0:11:21 remaining
2025-06-05 16:12:47,740 - INFO: 46,000,000 lines at 215,067/s, 0 errored, 1,654,585 matched : 13.81 gb at 66 mb/s, 26% : 0(0)/5 files : 0:11:08 remaining
2025-06-05 16:12:52,533 - INFO: 47,000,000 lines at 209,966/s, 0 errored, 1,688,109 matched : 14.07 gb at 64 mb/s, 26% : 0(0)/5 files : 0:10:59 remaining
2025-06-05 16:12:52,822 - INFO: 48,000,000 lines at 210,391/s, 0 errored, 1,724,372 matched : 14.40 gb at 64 mb/s, 27% : 0(0)/5 files : 0:10:50 remaining
2025-06-05 16:12:55,161 - INFO: 49,000,000 lines at 207,807/s, 0 errored, 1,762,501 matched : 14.67 gb at 63 mb/s, 27% : 0(0)/5 files : 0:10:44 remaining
2025-06-05 16:12:56,646 - INFO: 50,000,000 lines at 232,573/s, 0 errored, 1,799,870 matched : 15.00 gb at 71 mb/s, 28% : 0(0)/5 files : 0:10:37 remaining
2025-06-05 16:13:10,574 - INFO: 51,000,000 lines at 215,605/s, 0 errored, 1,835,614 matched : 15.31 gb at 66 mb/s, 29% : 0(0)/5 files : 0:10:28 remaining
2025-06-05 16:13:15,769 - INFO: 52,000,000 lines at 209,718/s, 0 errored, 1,869,081 matched : 15.57 gb at 64 mb/s, 29% : 0(0)/5 files : 0:10:21 remaining
2025-06-05 16:13:16,387 - INFO: 53,000,000 lines at 210,380/s, 0 errored, 1,904,404 matched : 15.89 gb at 64 mb/s, 30% : 0(0)/5 files : 0:10:14 remaining
2025-06-05 16:13:18,587 - INFO: 54,000,000 lines at 207,987/s, 0 errored, 1,942,068 matched : 16.16 gb at 64 mb/s, 30% : 0(0)/5 files : 0:10:08 remaining
2025-06-05 16:13:20,076 - INFO: 55,000,000 lines at 231,031/s, 0 errored, 1,978,700 matched : 16.48 gb at 71 mb/s, 31% : 0(0)/5 files : 0:10:02 remaining
2025-06-05 16:13:34,021 - INFO: 56,000,000 lines at 214,944/s, 0 errored, 2,014,334 matched : 16.80 gb at 66 mb/s, 31% : 0(0)/5 files : 0:09:54 remaining
2025-06-05 16:13:38,825 - INFO: 57,000,000 lines at 209,676/s, 0 errored, 2,046,929 matched : 17.09 gb at 64 mb/s, 32% : 0(0)/5 files : 0:09:47 remaining
2025-06-05 16:13:39,754 - INFO: 58,000,000 lines at 210,823/s, 0 errored, 2,079,563 matched : 17.36 gb at 65 mb/s, 32% : 0(0)/5 files : 0:09:42 remaining
2025-06-05 16:13:42,537 - INFO: 59,000,000 lines at 207,732/s, 0 errored, 2,116,023 matched : 17.64 gb at 63 mb/s, 33% : 0(0)/5 files : 0:09:37 remaining
2025-06-05 16:13:43,719 - INFO: 60,000,000 lines at 228,982/s, 0 errored, 2,153,131 matched : 17.95 gb at 70 mb/s, 34% : 0(0)/5 files : 0:09:30 remaining
2025-06-05 16:13:57,342 - INFO: 61,000,000 lines at 214,317/s, 0 errored, 2,187,702 matched : 18.26 gb at 65 mb/s, 34% : 0(0)/5 files : 0:09:23 remaining
2025-06-05 16:14:00,278 - INFO: 62,000,000 lines at 211,577/s, 0 errored, 2,219,428 matched : 18.52 gb at 64 mb/s, 35% : 0(0)/5 files : 0:09:18 remaining
2025-06-05 16:14:03,529 - INFO: 63,000,000 lines at 210,094/s, 0 errored, 2,252,308 matched : 18.78 gb at 64 mb/s, 35% : 0(0)/5 files : 0:09:13 remaining
2025-06-05 16:14:06,490 - INFO: 64,000,000 lines at 206,904/s, 0 errored, 2,288,244 matched : 19.05 gb at 63 mb/s, 36% : 0(0)/5 files : 0:09:09 remaining
2025-06-05 16:14:07,798 - INFO: 65,000,000 lines at 226,838/s, 0 errored, 2,326,267 matched : 19.37 gb at 69 mb/s, 36% : 0(0)/5 files : 0:09:03 remaining
2025-06-05 16:14:20,091 - INFO: 66,000,000 lines at 214,822/s, 0 errored, 2,361,259 matched : 19.68 gb at 65 mb/s, 37% : 0(0)/5 files : 0:08:56 remaining
2025-06-05 16:14:24,053 - INFO: 67,000,000 lines at 211,026/s, 0 errored, 2,399,024 matched : 20.00 gb at 64 mb/s, 37% : 0(0)/5 files : 0:08:50 remaining
2025-06-05 16:14:27,175 - INFO: 68,000,000 lines at 209,730/s, 0 errored, 2,431,895 matched : 20.27 gb at 64 mb/s, 38% : 0(0)/5 files : 0:08:46 remaining
2025-06-05 16:14:30,042 - INFO: 69,000,000 lines at 207,050/s, 0 errored, 2,466,521 matched : 20.54 gb at 63 mb/s, 38% : 0(0)/5 files : 0:08:41 remaining
2025-06-05 16:14:31,754 - INFO: 70,000,000 lines at 225,308/s, 0 errored, 2,504,039 matched : 20.87 gb at 68 mb/s, 39% : 0(0)/5 files : 0:08:35 remaining
2025-06-05 16:14:42,929 - INFO: 71,000,000 lines at 215,579/s, 0 errored, 2,539,990 matched : 21.18 gb at 65 mb/s, 40% : 0(0)/5 files : 0:08:29 remaining
2025-06-05 16:14:48,211 - INFO: 72,000,000 lines at 210,555/s, 0 errored, 2,578,963 matched : 21.52 gb at 64 mb/s, 40% : 0(0)/5 files : 0:08:23 remaining
2025-06-05 16:14:50,822 - INFO: 73,000,000 lines at 210,347/s, 0 errored, 2,611,305 matched : 21.78 gb at 64 mb/s, 41% : 0(0)/5 files : 0:08:19 remaining
2025-06-05 16:14:53,921 - INFO: 74,000,000 lines at 207,736/s, 0 errored, 2,646,061 matched : 22.06 gb at 63 mb/s, 41% : 0(0)/5 files : 0:08:14 remaining
2025-06-05 16:14:55,316 - INFO: 75,000,000 lines at 225,069/s, 0 errored, 2,682,218 matched : 22.37 gb at 68 mb/s, 42% : 0(0)/5 files : 0:08:09 remaining
2025-06-05 16:15:05,905 - INFO: 76,000,000 lines at 216,724/s, 0 errored, 2,718,599 matched : 22.68 gb at 66 mb/s, 42% : 0(0)/5 files : 0:08:03 remaining
2025-06-05 16:15:12,186 - INFO: 77,000,000 lines at 209,646/s, 0 errored, 2,757,212 matched : 23.00 gb at 64 mb/s, 43% : 0(0)/5 files : 0:07:57 remaining
2025-06-05 16:15:15,118 - INFO: 78,000,000 lines at 209,404/s, 0 errored, 2,790,634 matched : 23.28 gb at 64 mb/s, 44% : 0(0)/5 files : 0:07:53 remaining
2025-06-05 16:15:17,472 - INFO: 79,000,000 lines at 207,527/s, 0 errored, 2,826,787 matched : 23.55 gb at 63 mb/s, 44% : 0(0)/5 files : 0:07:48 remaining
2025-06-05 16:15:19,220 - INFO: 80,000,000 lines at 223,777/s, 0 errored, 2,862,226 matched : 23.87 gb at 68 mb/s, 45% : 0(0)/5 files : 0:07:44 remaining
2025-06-05 16:15:28,927 - INFO: 81,000,000 lines at 217,053/s, 0 errored, 2,897,625 matched : 24.18 gb at 66 mb/s, 45% : 0(0)/5 files : 0:07:39 remaining
2025-06-05 16:15:36,297 - INFO: 82,000,000 lines at 208,707/s, 0 errored, 2,936,261 matched : 24.51 gb at 64 mb/s, 46% : 0(0)/5 files : 0:07:34 remaining
2025-06-05 16:15:38,811 - INFO: 83,000,000 lines at 208,420/s, 0 errored, 2,968,997 matched : 24.78 gb at 64 mb/s, 46% : 0(0)/5 files : 0:07:30 remaining
2025-06-05 16:15:41,577 - INFO: 84,000,000 lines at 207,125/s, 0 errored, 3,005,799 matched : 25.05 gb at 63 mb/s, 47% : 0(0)/5 files : 0:07:25 remaining
2025-06-05 16:15:43,142 - INFO: 85,000,000 lines at 222,346/s, 0 errored, 3,040,961 matched : 25.38 gb at 68 mb/s, 47% : 0(0)/5 files : 0:07:21 remaining
2025-06-05 16:15:52,115 - INFO: 86,000,000 lines at 217,171/s, 0 errored, 3,076,256 matched : 25.69 gb at 66 mb/s, 48% : 0(0)/5 files : 0:07:16 remaining
2025-06-05 16:15:59,966 - INFO: 87,000,000 lines at 208,396/s, 0 errored, 3,113,792 matched : 26.01 gb at 64 mb/s, 49% : 0(0)/5 files : 0:07:11 remaining
2025-06-05 16:16:02,700 - INFO: 88,000,000 lines at 207,957/s, 0 errored, 3,147,924 matched : 26.28 gb at 63 mb/s, 49% : 0(0)/5 files : 0:07:07 remaining
2025-06-05 16:16:05,524 - INFO: 89,000,000 lines at 206,482/s, 0 errored, 3,184,879 matched : 26.56 gb at 63 mb/s, 50% : 0(0)/5 files : 0:07:03 remaining
2025-06-05 16:16:06,933 - INFO: 90,000,000 lines at 221,140/s, 0 errored, 3,221,289 matched : 26.87 gb at 67 mb/s, 50% : 0(0)/5 files : 0:06:58 remaining
2025-06-05 16:16:15,665 - INFO: 91,000,000 lines at 216,792/s, 0 errored, 3,256,576 matched : 27.19 gb at 66 mb/s, 51% : 0(0)/5 files : 0:06:53 remaining
2025-06-05 16:16:24,114 - INFO: 92,000,000 lines at 207,749/s, 0 errored, 3,293,781 matched : 27.51 gb at 63 mb/s, 51% : 0(0)/5 files : 0:06:48 remaining
2025-06-05 16:16:27,286 - INFO: 93,000,000 lines at 206,678/s, 0 errored, 3,328,285 matched : 27.79 gb at 63 mb/s, 52% : 0(0)/5 files : 0:06:44 remaining
2025-06-05 16:16:30,033 - INFO: 94,000,000 lines at 205,310/s, 0 errored, 3,364,602 matched : 28.07 gb at 62 mb/s, 52% : 0(0)/5 files : 0:06:40 remaining
2025-06-05 16:16:31,624 - INFO: 95,000,000 lines at 219,591/s, 0 errored, 3,401,737 matched : 28.39 gb at 67 mb/s, 53% : 0(0)/5 files : 0:06:36 remaining
2025-06-05 16:16:39,034 - INFO: 96,000,000 lines at 216,415/s, 0 errored, 3,437,141 matched : 28.70 gb at 66 mb/s, 54% : 0(0)/5 files : 0:06:31 remaining
2025-06-05 16:16:48,033 - INFO: 97,000,000 lines at 207,139/s, 0 errored, 3,473,833 matched : 29.02 gb at 63 mb/s, 54% : 0(0)/5 files : 0:06:26 remaining
2025-06-05 16:16:51,405 - INFO: 98,000,000 lines at 206,494/s, 0 errored, 3,507,795 matched : 29.29 gb at 63 mb/s, 55% : 0(0)/5 files : 0:06:22 remaining
2025-06-05 16:16:54,033 - INFO: 99,000,000 lines at 204,924/s, 0 errored, 3,543,649 matched : 29.57 gb at 62 mb/s, 55% : 0(0)/5 files : 0:06:17 remaining
2025-06-05 16:16:56,073 - INFO: 100,000,000 lines at 218,205/s, 0 errored, 3,581,794 matched : 29.89 gb at 67 mb/s, 56% : 0(0)/5 files : 0:06:13 remaining
2025-06-05 16:17:02,279 - INFO: 101,000,000 lines at 214,285/s, 0 errored, 3,616,524 matched : 30.20 gb at 66 mb/s, 56% : 0(0)/5 files : 0:06:08 remaining
2025-06-05 16:17:12,086 - INFO: 102,000,000 lines at 206,834/s, 0 errored, 3,653,529 matched : 30.52 gb at 64 mb/s, 57% : 0(0)/5 files : 0:06:03 remaining
2025-06-05 16:17:15,359 - INFO: 103,000,000 lines at 206,492/s, 0 errored, 3,686,243 matched : 30.78 gb at 64 mb/s, 58% : 0(0)/5 files : 0:05:59 remaining
2025-06-05 16:17:17,966 - INFO: 104,000,000 lines at 205,082/s, 0 errored, 3,720,937 matched : 31.05 gb at 63 mb/s, 58% : 0(0)/5 files : 0:05:54 remaining
2025-06-05 16:17:19,740 - INFO: 105,000,000 lines at 217,091/s, 0 errored, 3,758,764 matched : 31.37 gb at 67 mb/s, 59% : 0(0)/5 files : 0:05:50 remaining
2025-06-05 16:17:25,293 - INFO: 106,000,000 lines at 215,185/s, 0 errored, 3,793,631 matched : 31.68 gb at 66 mb/s, 59% : 0(0)/5 files : 0:05:45 remaining
2025-06-05 16:17:36,171 - INFO: 107,000,000 lines at 206,353/s, 0 errored, 3,832,629 matched : 32.01 gb at 64 mb/s, 60% : 0(0)/5 files : 0:05:40 remaining
2025-06-05 16:17:39,200 - INFO: 108,000,000 lines at 206,177/s, 0 errored, 3,863,794 matched : 32.27 gb at 64 mb/s, 60% : 0(0)/5 files : 0:05:35 remaining
2025-06-05 16:17:41,786 - INFO: 109,000,000 lines at 205,229/s, 0 errored, 3,898,912 matched : 32.55 gb at 63 mb/s, 61% : 0(0)/5 files : 0:05:31 remaining
2025-06-05 16:17:43,791 - INFO: 110,000,000 lines at 215,634/s, 0 errored, 3,936,616 matched : 32.88 gb at 66 mb/s, 61% : 0(0)/5 files : 0:05:26 remaining
2025-06-05 16:17:48,253 - INFO: 111,000,000 lines at 216,617/s, 0 errored, 3,973,419 matched : 33.19 gb at 66 mb/s, 62% : 0(0)/5 files : 0:05:21 remaining
2025-06-05 16:17:59,781 - INFO: 112,000,000 lines at 206,394/s, 0 errored, 4,011,006 matched : 33.51 gb at 64 mb/s, 63% : 0(0)/5 files : 0:05:16 remaining
2025-06-05 16:18:02,832 - INFO: 113,000,000 lines at 206,447/s, 0 errored, 4,044,186 matched : 33.77 gb at 64 mb/s, 63% : 0(0)/5 files : 0:05:12 remaining
2025-06-05 16:18:05,331 - INFO: 114,000,000 lines at 205,247/s, 0 errored, 4,081,584 matched : 34.04 gb at 63 mb/s, 64% : 0(0)/5 files : 0:05:08 remaining
2025-06-05 16:18:07,263 - INFO: 115,000,000 lines at 215,045/s, 0 errored, 4,118,475 matched : 34.36 gb at 66 mb/s, 64% : 0(0)/5 files : 0:05:03 remaining
2025-06-05 16:18:11,361 - INFO: 116,000,000 lines at 217,665/s, 0 errored, 4,155,773 matched : 34.68 gb at 67 mb/s, 65% : 0(0)/5 files : 0:04:58 remaining
2025-06-05 16:18:20,940 - INFO: 117,000,000 lines at 209,878/s, 0 errored, 4,183,428 matched : 34.94 gb at 64 mb/s, 65% : 0(0)/5 files : 0:04:54 remaining
2025-06-05 16:18:27,159 - INFO: 118,000,000 lines at 205,602/s, 0 errored, 4,218,023 matched : 35.21 gb at 63 mb/s, 66% : 0(0)/5 files : 0:04:49 remaining
2025-06-05 16:18:29,501 - INFO: 119,000,000 lines at 204,960/s, 0 errored, 4,254,455 matched : 35.50 gb at 63 mb/s, 66% : 0(0)/5 files : 0:04:45 remaining
2025-06-05 16:18:31,148 - INFO: 120,000,000 lines at 214,026/s, 0 errored, 4,290,596 matched : 35.82 gb at 65 mb/s, 67% : 0(0)/5 files : 0:04:40 remaining
2025-06-05 16:18:34,746 - INFO: 121,000,000 lines at 218,550/s, 0 errored, 4,327,485 matched : 36.13 gb at 67 mb/s, 68% : 0(0)/5 files : 0:04:35 remaining
2025-06-05 16:18:44,579 - INFO: 122,000,000 lines at 209,940/s, 0 errored, 4,362,748 matched : 36.45 gb at 64 mb/s, 68% : 0(0)/5 files : 0:04:30 remaining
2025-06-05 16:18:51,400 - INFO: 123,000,000 lines at 205,454/s, 0 errored, 4,397,656 matched : 36.71 gb at 63 mb/s, 69% : 0(0)/5 files : 0:04:26 remaining
2025-06-05 16:18:54,521 - INFO: 124,000,000 lines at 203,784/s, 0 errored, 4,434,879 matched : 37.00 gb at 62 mb/s, 69% : 0(0)/5 files : 0:04:21 remaining
2025-06-05 16:18:54,956 - INFO: 125,000,000 lines at 213,300/s, 0 errored, 4,471,043 matched : 37.32 gb at 65 mb/s, 70% : 0(0)/5 files : 0:04:16 remaining
2025-06-05 16:18:58,270 - INFO: 126,000,000 lines at 218,728/s, 0 errored, 4,508,507 matched : 37.65 gb at 67 mb/s, 70% : 0(0)/5 files : 0:04:11 remaining
2025-06-05 16:19:08,418 - INFO: 127,000,000 lines at 209,995/s, 0 errored, 4,545,600 matched : 37.97 gb at 64 mb/s, 71% : 0(0)/5 files : 0:04:06 remaining
2025-06-05 16:19:15,542 - INFO: 128,000,000 lines at 205,244/s, 0 errored, 4,579,876 matched : 38.24 gb at 63 mb/s, 71% : 0(0)/5 files : 0:04:02 remaining
2025-06-05 16:19:18,300 - INFO: 129,000,000 lines at 203,797/s, 0 errored, 4,617,783 matched : 38.55 gb at 63 mb/s, 72% : 0(0)/5 files : 0:03:57 remaining
2025-06-05 16:19:18,304 - INFO: 130,000,000 lines at 213,536/s, 0 errored, 4,652,123 matched : 38.83 gb at 65 mb/s, 73% : 0(0)/5 files : 0:03:53 remaining
2025-06-05 16:19:21,240 - INFO: 131,000,000 lines at 220,182/s, 0 errored, 4,687,546 matched : 39.14 gb at 67 mb/s, 73% : 0(0)/5 files : 0:03:48 remaining
2025-06-05 16:19:30,482 - INFO: 132,000,000 lines at 212,887/s, 0 errored, 4,718,571 matched : 39.44 gb at 65 mb/s, 74% : 0(0)/5 files : 0:03:43 remaining
2025-06-05 16:19:39,118 - INFO: 133,000,000 lines at 206,257/s, 0 errored, 4,752,573 matched : 39.70 gb at 63 mb/s, 74% : 0(0)/5 files : 0:03:38 remaining
2025-06-05 16:19:41,939 - INFO: 134,000,000 lines at 204,924/s, 0 errored, 4,791,153 matched : 40.03 gb at 63 mb/s, 75% : 0(0)/5 files : 0:03:33 remaining
2025-06-05 16:19:42,403 - INFO: 135,000,000 lines at 212,686/s, 0 errored, 4,825,773 matched : 40.31 gb at 65 mb/s, 75% : 0(0)/5 files : 0:03:29 remaining
2025-06-05 16:19:43,964 - INFO: 136,000,000 lines at 221,677/s, 0 errored, 4,861,543 matched : 40.62 gb at 68 mb/s, 76% : 0(0)/5 files : 0:03:24 remaining
2025-06-05 16:19:54,120 - INFO: 137,000,000 lines at 213,447/s, 0 errored, 4,897,557 matched : 40.95 gb at 65 mb/s, 77% : 0(0)/5 files : 0:03:18 remaining
2025-06-05 16:20:03,075 - INFO: 138,000,000 lines at 206,303/s, 0 errored, 4,933,396 matched : 41.23 gb at 63 mb/s, 77% : 0(0)/5 files : 0:03:14 remaining
2025-06-05 16:20:05,442 - INFO: 139,000,000 lines at 205,947/s, 0 errored, 4,971,446 matched : 41.54 gb at 63 mb/s, 78% : 0(0)/5 files : 0:03:09 remaining
2025-06-05 16:20:06,292 - INFO: 140,000,000 lines at 211,941/s, 0 errored, 5,007,041 matched : 41.82 gb at 65 mb/s, 78% : 0(0)/5 files : 0:03:05 remaining
2025-06-05 16:20:07,252 - INFO: 141,000,000 lines at 222,646/s, 0 errored, 5,043,898 matched : 42.15 gb at 68 mb/s, 79% : 0(0)/5 files : 0:02:59 remaining
2025-06-05 16:20:17,612 - INFO: 142,000,000 lines at 213,989/s, 0 errored, 5,078,650 matched : 42.46 gb at 66 mb/s, 79% : 0(0)/5 files : 0:02:54 remaining
2025-06-05 16:20:26,989 - INFO: 143,000,000 lines at 206,324/s, 0 errored, 5,114,527 matched : 42.73 gb at 63 mb/s, 80% : 0(0)/5 files : 0:02:50 remaining
2025-06-05 16:20:29,017 - INFO: 144,000,000 lines at 206,047/s, 0 errored, 5,151,284 matched : 43.05 gb at 63 mb/s, 80% : 0(0)/5 files : 0:02:45 remaining
2025-06-05 16:20:30,351 - INFO: 145,000,000 lines at 210,744/s, 0 errored, 5,185,796 matched : 43.33 gb at 65 mb/s, 81% : 0(0)/5 files : 0:02:41 remaining
2025-06-05 16:20:30,623 - INFO: 146,000,000 lines at 223,558/s, 0 errored, 5,222,791 matched : 43.66 gb at 68 mb/s, 82% : 0(0)/5 files : 0:02:35 remaining
2025-06-05 16:20:41,430 - INFO: 147,000,000 lines at 214,015/s, 0 errored, 5,260,651 matched : 44.00 gb at 66 mb/s, 82% : 0(0)/5 files : 0:02:30 remaining
2025-06-05 16:20:51,161 - INFO: 148,000,000 lines at 205,940/s, 0 errored, 5,294,975 matched : 44.27 gb at 63 mb/s, 83% : 0(0)/5 files : 0:02:26 remaining
2025-06-05 16:20:52,809 - INFO: 149,000,000 lines at 206,329/s, 0 errored, 5,331,908 matched : 44.59 gb at 63 mb/s, 83% : 0(0)/5 files : 0:02:20 remaining
2025-06-05 16:20:53,663 - INFO: 150,000,000 lines at 210,345/s, 0 errored, 5,370,615 matched : 44.91 gb at 65 mb/s, 84% : 0(0)/5 files : 0:02:15 remaining
2025-06-05 16:20:53,785 - INFO: 151,000,000 lines at 224,134/s, 0 errored, 5,402,860 matched : 45.18 gb at 69 mb/s, 84% : 0(0)/5 files : 0:02:11 remaining
2025-06-05 16:21:05,319 - INFO: 152,000,000 lines at 213,714/s, 0 errored, 5,441,224 matched : 45.50 gb at 66 mb/s, 85% : 0(0)/5 files : 0:02:06 remaining
2025-06-05 16:21:14,856 - INFO: 153,000,000 lines at 205,778/s, 0 errored, 5,473,654 matched : 45.77 gb at 63 mb/s, 86% : 0(0)/5 files : 0:02:02 remaining
2025-06-05 16:21:16,401 - INFO: 154,000,000 lines at 206,198/s, 0 errored, 5,510,241 matched : 46.09 gb at 64 mb/s, 86% : 0(0)/5 files : 0:01:56 remaining
2025-06-05 16:21:17,258 - INFO: 155,000,000 lines at 209,794/s, 0 errored, 5,546,734 matched : 46.42 gb at 65 mb/s, 87% : 0(0)/5 files : 0:01:51 remaining
2025-06-05 16:21:17,633 - INFO: 156,000,000 lines at 220,722/s, 0 errored, 5,578,555 matched : 46.70 gb at 68 mb/s, 87% : 0(0)/5 files : 0:01:47 remaining
2025-06-05 16:21:29,295 - INFO: 157,000,000 lines at 214,126/s, 0 errored, 5,616,351 matched : 47.03 gb at 66 mb/s, 88% : 0(0)/5 files : 0:01:42 remaining
2025-06-05 16:21:38,344 - INFO: 158,000,000 lines at 206,521/s, 0 errored, 5,649,996 matched : 47.29 gb at 64 mb/s, 88% : 0(0)/5 files : 0:01:37 remaining
2025-06-05 16:21:39,765 - INFO: 159,000,000 lines at 206,769/s, 0 errored, 5,685,285 matched : 47.60 gb at 64 mb/s, 89% : 0(0)/5 files : 0:01:32 remaining
2025-06-05 16:21:40,685 - INFO: 160,000,000 lines at 209,745/s, 0 errored, 5,721,897 matched : 47.93 gb at 65 mb/s, 90% : 0(0)/5 files : 0:01:27 remaining
2025-06-05 16:21:41,229 - INFO: 161,000,000 lines at 220,776/s, 0 errored, 5,755,321 matched : 48.20 gb at 68 mb/s, 90% : 0(0)/5 files : 0:01:23 remaining
2025-06-05 16:21:44,329 - INFO: 161,166,596 lines at 220,708/s, 0 errored, 5,761,420 matched : 48.24 gb at 68 mb/s, 90% : 1(0)/5 files : 0:01:22 remaining
2025-06-05 16:21:52,438 - INFO: 162,166,596 lines at 214,519/s, 0 errored, 5,799,843 matched : 48.57 gb at 67 mb/s, 91% : 1(0)/5 files : 0:01:17 remaining
2025-06-05 16:22:01,587 - INFO: 163,166,596 lines at 204,503/s, 0 errored, 5,832,958 matched : 48.83 gb at 63 mb/s, 91% : 1(0)/5 files : 0:01:13 remaining
2025-06-05 16:22:02,457 - INFO: 164,166,596 lines at 207,217/s, 0 errored, 5,870,112 matched : 49.16 gb at 64 mb/s, 92% : 1(0)/5 files : 0:01:08 remaining
2025-06-05 16:22:04,458 - INFO: 165,166,596 lines at 216,807/s, 0 errored, 5,906,716 matched : 49.44 gb at 67 mb/s, 92% : 1(0)/5 files : 0:01:03 remaining
2025-06-05 16:22:15,797 - INFO: 166,166,596 lines at 211,736/s, 0 errored, 5,946,124 matched : 49.78 gb at 66 mb/s, 93% : 1(0)/5 files : 0:00:58 remaining
2025-06-05 16:22:24,746 - INFO: 167,166,596 lines at 204,706/s, 0 errored, 5,981,063 matched : 50.04 gb at 63 mb/s, 94% : 1(0)/5 files : 0:00:54 remaining
2025-06-05 16:22:25,336 - INFO: 168,166,596 lines at 204,065/s, 0 errored, 6,019,966 matched : 50.37 gb at 63 mb/s, 94% : 1(0)/5 files : 0:00:48 remaining
2025-06-05 16:22:26,125 - INFO: 169,095,499 lines at 206,050/s, 0 errored, 6,052,074 matched : 50.63 gb at 64 mb/s, 95% : 2(0)/5 files : 0:00:44 remaining
2025-06-05 16:22:38,067 - INFO: 170,095,499 lines at 203,083/s, 0 errored, 6,089,969 matched : 50.95 gb at 63 mb/s, 95% : 2(0)/5 files : 0:00:39 remaining
2025-06-05 16:22:47,280 - INFO: 171,095,499 lines at 202,460/s, 0 errored, 6,124,921 matched : 51.22 gb at 63 mb/s, 96% : 2(0)/5 files : 0:00:35 remaining
2025-06-05 16:22:47,456 - INFO: 172,095,499 lines at 205,348/s, 0 errored, 6,162,590 matched : 51.55 gb at 64 mb/s, 96% : 2(0)/5 files : 0:00:30 remaining
2025-06-05 16:22:57,496 - INFO: 172,960,647 lines at 194,577/s, 0 errored, 6,195,373 matched : 51.84 gb at 61 mb/s, 97% : 3(0)/5 files : 0:00:26 remaining
2025-06-05 16:23:09,421 - INFO: 173,960,647 lines at 184,762/s, 0 errored, 6,233,018 matched : 52.12 gb at 57 mb/s, 97% : 3(0)/5 files : 0:00:21 remaining
2025-06-05 16:23:09,585 - INFO: 174,960,647 lines at 194,206/s, 0 errored, 6,270,524 matched : 52.44 gb at 60 mb/s, 98% : 3(0)/5 files : 0:00:16 remaining
2025-06-05 16:23:11,529 - INFO: 175,051,588 lines at 196,608/s, 0 errored, 6,273,979 matched : 52.47 gb at 61 mb/s, 98% : 4(0)/5 files : 0:00:16 remaining
2025-06-05 16:23:30,387 - INFO: 176,051,588 lines at 180,788/s, 0 errored, 6,310,486 matched : 52.75 gb at 56 mb/s, 99% : 4(0)/5 files : 0:00:11 remaining
2025-06-05 16:23:51,261 - INFO: 177,051,588 lines at 164,697/s, 0 errored, 6,346,867 matched : 53.02 gb at 51 mb/s, 99% : 4(0)/5 files : 0:00:07 remaining
2025-06-05 16:24:12,233 - INFO: 178,051,588 lines at 151,242/s, 0 errored, 6,383,143 matched : 53.29 gb at 47 mb/s, 100% : 4(0)/5 files : 0:00:03 remaining
2025-06-05 16:24:27,398 - INFO: 178,776,314 lines at 147,231/s, 0 errored, 6,410,148 matched : 53.49 gb at 45 mb/s, 100% : 5(0)/5 files : 0:00:00 remaining
2025-06-05 16:24:52,502 - INFO: Loading files from: ../../../data/reddit/submissions
2025-06-05 16:24:52,502 - INFO: Writing output to: ../../output/corpora
2025-06-05 16:24:52,502 - INFO: Checking if any of any of 12 values are contained in field selftext
2025-06-05 16:24:52,945 - INFO: Existing input file was read, if this is not correct you should delete the pushshift_working folder and run this script again
2025-06-05 16:24:52,945 - INFO: Processed 5 of 5 files with 53.49 of 53.49 gigabytes
2025-06-05 16:24:52,945 - INFO: 178,776,314, 0 errored : 53.49 gb, 100% : 5/5
2025-06-05 16:24:52,945 - INFO: Processing complete, combining 5 result files
2025-06-05 16:24:52,945 - INFO: From 0/5 files to 0 output handles : 0/6,410,148 lines
2025-06-05 16:25:21,423 - INFO: From 1/5 files to 1 output handles : 1,000,000/6,410,148 lines : pushshift_working/RS_2022-11.zst
2025-06-05 16:25:50,121 - INFO: From 2/5 files to 1 output handles : 2,000,000/6,410,148 lines : pushshift_working/RS_2022-12.zst
2025-06-05 16:26:18,901 - INFO: From 3/5 files to 1 output handles : 3,000,000/6,410,148 lines : pushshift_working/RS_2023-01.zst
2025-06-05 16:26:46,699 - INFO: From 4/5 files to 1 output handles : 4,000,000/6,410,148 lines : pushshift_working/RS_2023-02.zst
2025-06-05 16:27:15,878 - INFO: From 4/5 files to 1 output handles : 5,000,000/6,410,148 lines : pushshift_working/RS_2023-02.zst
2025-06-05 16:27:44,251 - INFO: From 5/5 files to 1 output handles : 6,000,000/6,410,148 lines : pushshift_working/RS_2023-03.zst
2025-06-05 16:27:56,065 - INFO: From 5/5 files to 0 output handles : 6,410,148/6,410,148 lines
